This is pdfTeX, Version 3.141592653-2.6-1.40.26 (TeX Live 2024) (preloaded format=pdflatex 2024.8.29)  17 SEP 2024 19:37
entering extended mode
 restricted \write18 enabled.
 %&-line parsing enabled.
**pytorch_yuan.tex
(./pytorch_yuan.tex
LaTeX2e <2023-11-01> patch level 1
L3 programming layer <2024-02-20>
(f:/Latex/texlive/2024/texmf-dist/tex/latex/base/article.cls
Document Class: article 2023/05/17 v1.4n Standard LaTeX document class
(f:/Latex/texlive/2024/texmf-dist/tex/latex/base/size10.clo
File: size10.clo 2023/05/17 v1.4n Standard LaTeX file (size option)
)
\c@part=\count188
\c@section=\count189
\c@subsection=\count190
\c@subsubsection=\count191
\c@paragraph=\count192
\c@subparagraph=\count193
\c@figure=\count194
\c@table=\count195
\abovecaptionskip=\skip48
\belowcaptionskip=\skip49
\bibindent=\dimen140
)
(f:/Latex/texlive/2024/texmf-dist/tex/latex/ctex/ctex.sty
(f:/Latex/texlive/2024/texmf-dist/tex/latex/l3kernel/expl3.sty
Package: expl3 2024-02-20 L3 programming layer (loader) 

(f:/Latex/texlive/2024/texmf-dist/tex/latex/l3backend/l3backend-pdftex.def
File: l3backend-pdftex.def 2024-02-20 L3 backend support: PDF output (pdfTeX)
\l__color_backend_stack_int=\count196
\l__pdf_internal_box=\box51
))
Package: ctex 2022/07/14 v2.5.10 Chinese adapter in LaTeX (CTEX)

(f:/Latex/texlive/2024/texmf-dist/tex/latex/ctex/ctexhook.sty
Package: ctexhook 2022/07/14 v2.5.10 Document and package hooks (CTEX)
)
(f:/Latex/texlive/2024/texmf-dist/tex/latex/ctex/ctexpatch.sty
Package: ctexpatch 2022/07/14 v2.5.10 Patching commands (CTEX)
)
(f:/Latex/texlive/2024/texmf-dist/tex/latex/base/fix-cm.sty
Package: fix-cm 2020/11/24 v1.1t fixes to LaTeX

(f:/Latex/texlive/2024/texmf-dist/tex/latex/base/ts1enc.def
File: ts1enc.def 2001/06/05 v3.0e (jk/car/fm) Standard LaTeX file
LaTeX Font Info:    Redeclaring font encoding TS1 on input line 47.
))
\l__ctex_tmp_int=\count197
\l__ctex_tmp_box=\box52
\l__ctex_tmp_dim=\dimen141
\g__ctex_section_depth_int=\count198
\g__ctex_font_size_int=\count199

(f:/Latex/texlive/2024/texmf-dist/tex/latex/ctex/config/ctexopts.cfg
File: ctexopts.cfg 2022/07/14 v2.5.10 Option configuration file (CTEX)
)

Package ctex Warning: UTF8 will be used as the default encoding.

(f:/Latex/texlive/2024/texmf-dist/tex/latex/ctex/engine/ctex-engine-pdftex.def
File: ctex-engine-pdftex.def 2022/07/14 v2.5.10 (pdf)LaTeX adapter (CTEX)

(f:/Latex/texlive/2024/texmf-dist/tex/latex/cjk/texinput/CJKutf8.sty
Package: CJKutf8 2021/10/16 4.8.5

(f:/Latex/texlive/2024/texmf-dist/tex/generic/iftex/ifpdf.sty
Package: ifpdf 2019/10/25 v3.4 ifpdf legacy package. Use iftex instead.

(f:/Latex/texlive/2024/texmf-dist/tex/generic/iftex/iftex.sty
Package: iftex 2022/02/03 v1.0f TeX engine tests
))
(f:/Latex/texlive/2024/texmf-dist/tex/latex/base/inputenc.sty
Package: inputenc 2021/02/14 v1.3d Input encoding file
\inpenc@prehook=\toks17
\inpenc@posthook=\toks18
)
(f:/Latex/texlive/2024/texmf-dist/tex/latex/cjk/texinput/CJK.sty
Package: CJK 2021/10/16 4.8.5

(f:/Latex/texlive/2024/texmf-dist/tex/latex/cjk/texinput/mule/MULEenc.sty
Package: MULEenc 2021/10/16 4.8.5
)
(f:/Latex/texlive/2024/texmf-dist/tex/latex/cjk/texinput/CJK.enc
File: CJK.enc 2021/10/16 4.8.5
Now handling font encoding C00 ...
... no UTF-8 mapping file for font encoding C00
Now handling font encoding C05 ...
... no UTF-8 mapping file for font encoding C05
Now handling font encoding C09 ...
... no UTF-8 mapping file for font encoding C09
Now handling font encoding C10 ...
... no UTF-8 mapping file for font encoding C10
Now handling font encoding C20 ...
... no UTF-8 mapping file for font encoding C20
Now handling font encoding C19 ...
... no UTF-8 mapping file for font encoding C19
Now handling font encoding C40 ...
... no UTF-8 mapping file for font encoding C40
Now handling font encoding C42 ...
... no UTF-8 mapping file for font encoding C42
Now handling font encoding C43 ...
... no UTF-8 mapping file for font encoding C43
Now handling font encoding C50 ...
... no UTF-8 mapping file for font encoding C50
Now handling font encoding C52 ...
... no UTF-8 mapping file for font encoding C52
Now handling font encoding C49 ...
... no UTF-8 mapping file for font encoding C49
Now handling font encoding C60 ...
... no UTF-8 mapping file for font encoding C60
Now handling font encoding C61 ...
... no UTF-8 mapping file for font encoding C61
Now handling font encoding C63 ...
... no UTF-8 mapping file for font encoding C63
Now handling font encoding C64 ...
... no UTF-8 mapping file for font encoding C64
Now handling font encoding C65 ...
... no UTF-8 mapping file for font encoding C65
Now handling font encoding C70 ...
... no UTF-8 mapping file for font encoding C70
Now handling font encoding C31 ...
... no UTF-8 mapping file for font encoding C31
Now handling font encoding C32 ...
... no UTF-8 mapping file for font encoding C32
Now handling font encoding C33 ...
... no UTF-8 mapping file for font encoding C33
Now handling font encoding C34 ...
... no UTF-8 mapping file for font encoding C34
Now handling font encoding C35 ...
... no UTF-8 mapping file for font encoding C35
Now handling font encoding C36 ...
... no UTF-8 mapping file for font encoding C36
Now handling font encoding C37 ...
... no UTF-8 mapping file for font encoding C37
Now handling font encoding C80 ...
... no UTF-8 mapping file for font encoding C80
Now handling font encoding C81 ...
... no UTF-8 mapping file for font encoding C81
Now handling font encoding C01 ...
... no UTF-8 mapping file for font encoding C01
Now handling font encoding C11 ...
... no UTF-8 mapping file for font encoding C11
Now handling font encoding C21 ...
... no UTF-8 mapping file for font encoding C21
Now handling font encoding C41 ...
... no UTF-8 mapping file for font encoding C41
Now handling font encoding C62 ...
... no UTF-8 mapping file for font encoding C62
)
\CJK@indent=\box53
)
(f:/Latex/texlive/2024/texmf-dist/tex/latex/base/fontenc.sty
Package: fontenc 2021/04/29 v2.0v Standard LaTeX package
))
(f:/Latex/texlive/2024/texmf-dist/tex/latex/cjkpunct/CJKpunct.sty
Package: CJKpunct 2016/05/14 4.8.4
\CJKpunct@cnta=\count266
\CJKpunct@cntb=\count267
\CJKpunct@cntc=\count268
\CJKpunct@cntd=\count269
\CJKpunct@cnte=\count270
   defining Unicode char U+2018 (decimal 8216)
   defining Unicode char U+2019 (decimal 8217)
   defining Unicode char U+201C (decimal 8220)
   defining Unicode char U+201D (decimal 8221)
   defining Unicode char U+2014 (decimal 8212)
   defining Unicode char U+2026 (decimal 8230)

(f:/Latex/texlive/2024/texmf-dist/tex/latex/cjkpunct/CJKpunct.spa))
(f:/Latex/texlive/2024/texmf-dist/tex/latex/cjk/texinput/CJKspace.sty
Package: CJKspace 2021/10/16 3.8.0
)
(f:/Latex/texlive/2024/texmf-dist/tex/latex/cjk/texinput/UTF8/UTF8.bdg
File: UTF8.bdg 2021/10/16 4.8.5
)
(f:/Latex/texlive/2024/texmf-dist/tex/latex/ctex/ctexspa.def
File: ctexspa.def 2022/07/14 v2.5.10 Space info for CJKpunct (CTEX)
)
\ccwd=\dimen142
\l__ctex_ccglue_skip=\skip50
)
\l__ctex_ziju_dim=\dimen143

(f:/Latex/texlive/2024/texmf-dist/tex/latex/zhnumber/zhnumber.sty
Package: zhnumber 2022/07/14 v3.0 Typesetting numbers with Chinese glyphs
\l__zhnum_scale_int=\count271
\l__zhnum_tmp_int=\count272

(f:/Latex/texlive/2024/texmf-dist/tex/latex/zhnumber/zhnumber-utf8.cfg
File: zhnumber-utf8.cfg 2022/07/14 v3.0 Chinese numerals with UTF8 encoding
))
(f:/Latex/texlive/2024/texmf-dist/tex/latex/ctex/scheme/ctex-scheme-chinese.def
File: ctex-scheme-chinese.def 2022/07/14 v2.5.10 Chinese scheme for generic (CT
EX)
(f:/Latex/texlive/2024/texmf-dist/tex/latex/ctex/config/ctex-name-utf8.cfg
File: ctex-name-utf8.cfg 2022/07/14 v2.5.10 Caption with encoding UTF-8 (CTEX)
))
(f:/Latex/texlive/2024/texmf-dist/tex/latex/tools/indentfirst.sty
Package: indentfirst 2023/07/02 v1.03 Indent first paragraph (DPC)
)
(f:/Latex/texlive/2024/texmf-dist/tex/latex/ctex/ctex-c5size.clo
File: ctex-c5size.clo 2022/07/14 v2.5.10 c5size option (CTEX)
)
(f:/Latex/texlive/2024/texmf-dist/tex/latex/ctex/fontset/ctex-fontset-windows.d
ef
File: ctex-fontset-windows.def 2022/07/14 v2.5.10 Windows fonts definition (CTE
X)
)) (f:/Latex/texlive/2024/texmf-dist/tex/latex/ctex/config/ctex.cfg
File: ctex.cfg 2022/07/14 v2.5.10 Configuration file (CTEX)
)
(f:/Latex/texlive/2024/texmf-dist/tex/latex/tools/array.sty
Package: array 2023/10/16 v2.5g Tabular extension package (FMi)
\col@sep=\dimen144
\ar@mcellbox=\box54
\extrarowheight=\dimen145
\NC@list=\toks19
\extratabsurround=\skip51
\backup@length=\skip52
\ar@cellbox=\box55
)
(f:/Latex/texlive/2024/texmf-dist/tex/latex/caption/caption.sty
Package: caption 2023/08/05 v3.6o Customizing captions (AR)

(f:/Latex/texlive/2024/texmf-dist/tex/latex/caption/caption3.sty
Package: caption3 2023/07/31 v2.4d caption3 kernel (AR)

(f:/Latex/texlive/2024/texmf-dist/tex/latex/graphics/keyval.sty
Package: keyval 2022/05/29 v1.15 key=value parser (DPC)
\KV@toks@=\toks20
)
\caption@tempdima=\dimen146
\captionmargin=\dimen147
\caption@leftmargin=\dimen148
\caption@rightmargin=\dimen149
\caption@width=\dimen150
\caption@indent=\dimen151
\caption@parindent=\dimen152
\caption@hangindent=\dimen153
Package caption Info: Standard document class detected.
)
\c@caption@flags=\count273
\c@continuedfloat=\count274
)
(f:/Latex/texlive/2024/texmf-dist/tex/latex/hyperref/hyperref.sty
Package: hyperref 2024-01-20 v7.01h Hypertext links for LaTeX

(f:/Latex/texlive/2024/texmf-dist/tex/latex/kvsetkeys/kvsetkeys.sty
Package: kvsetkeys 2022-10-05 v1.19 Key value parser (HO)
)
(f:/Latex/texlive/2024/texmf-dist/tex/generic/kvdefinekeys/kvdefinekeys.sty
Package: kvdefinekeys 2019-12-19 v1.6 Define keys (HO)
)
(f:/Latex/texlive/2024/texmf-dist/tex/generic/pdfescape/pdfescape.sty
Package: pdfescape 2019/12/09 v1.15 Implements pdfTeX's escape features (HO)

(f:/Latex/texlive/2024/texmf-dist/tex/generic/ltxcmds/ltxcmds.sty
Package: ltxcmds 2023-12-04 v1.26 LaTeX kernel commands for general use (HO)
)
(f:/Latex/texlive/2024/texmf-dist/tex/generic/pdftexcmds/pdftexcmds.sty
Package: pdftexcmds 2020-06-27 v0.33 Utility functions of pdfTeX for LuaTeX (HO
)

(f:/Latex/texlive/2024/texmf-dist/tex/generic/infwarerr/infwarerr.sty
Package: infwarerr 2019/12/03 v1.5 Providing info/warning/error messages (HO)
)
Package pdftexcmds Info: \pdf@primitive is available.
Package pdftexcmds Info: \pdf@ifprimitive is available.
Package pdftexcmds Info: \pdfdraftmode found.
))
(f:/Latex/texlive/2024/texmf-dist/tex/latex/hycolor/hycolor.sty
Package: hycolor 2020-01-27 v1.10 Color options for hyperref/bookmark (HO)
)
(f:/Latex/texlive/2024/texmf-dist/tex/latex/auxhook/auxhook.sty
Package: auxhook 2019-12-17 v1.6 Hooks for auxiliary files (HO)
)
(f:/Latex/texlive/2024/texmf-dist/tex/latex/hyperref/nameref.sty
Package: nameref 2023-11-26 v2.56 Cross-referencing by name of section

(f:/Latex/texlive/2024/texmf-dist/tex/latex/refcount/refcount.sty
Package: refcount 2019/12/15 v3.6 Data extraction from label references (HO)
)
(f:/Latex/texlive/2024/texmf-dist/tex/generic/gettitlestring/gettitlestring.sty
Package: gettitlestring 2019/12/15 v1.6 Cleanup title references (HO)
(f:/Latex/texlive/2024/texmf-dist/tex/latex/kvoptions/kvoptions.sty
Package: kvoptions 2022-06-15 v3.15 Key value format for package options (HO)
))
\c@section@level=\count275
)
(f:/Latex/texlive/2024/texmf-dist/tex/latex/etoolbox/etoolbox.sty
Package: etoolbox 2020/10/05 v2.5k e-TeX tools for LaTeX (JAW)
\etb@tempcnta=\count276
)
\@linkdim=\dimen154
\Hy@linkcounter=\count277
\Hy@pagecounter=\count278

(f:/Latex/texlive/2024/texmf-dist/tex/latex/hyperref/pd1enc.def
File: pd1enc.def 2024-01-20 v7.01h Hyperref: PDFDocEncoding definition (HO)
Now handling font encoding PD1 ...
... no UTF-8 mapping file for font encoding PD1
)
(f:/Latex/texlive/2024/texmf-dist/tex/generic/intcalc/intcalc.sty
Package: intcalc 2019/12/15 v1.3 Expandable calculations with integers (HO)
)
\Hy@SavedSpaceFactor=\count279

(f:/Latex/texlive/2024/texmf-dist/tex/latex/hyperref/puenc.def
File: puenc.def 2024-01-20 v7.01h Hyperref: PDF Unicode definition (HO)
Now handling font encoding PU ...
... no UTF-8 mapping file for font encoding PU
)
Package hyperref Info: Option `unicode' set `true' on input line 4062.
Package hyperref Info: Hyper figures OFF on input line 4179.
Package hyperref Info: Link nesting OFF on input line 4184.
Package hyperref Info: Hyper index ON on input line 4187.
Package hyperref Info: Plain pages OFF on input line 4194.
Package hyperref Info: Backreferencing OFF on input line 4199.
Package hyperref Info: Implicit mode ON; LaTeX internals redefined.
Package hyperref Info: Bookmarks ON on input line 4446.
\c@Hy@tempcnt=\count280

(f:/Latex/texlive/2024/texmf-dist/tex/latex/url/url.sty
\Urlmuskip=\muskip16
Package: url 2013/09/16  ver 3.4  Verb mode for urls, etc.
)
LaTeX Info: Redefining \url on input line 4784.
\XeTeXLinkMargin=\dimen155

(f:/Latex/texlive/2024/texmf-dist/tex/generic/bitset/bitset.sty
Package: bitset 2019/12/09 v1.3 Handle bit-vector datatype (HO)

(f:/Latex/texlive/2024/texmf-dist/tex/generic/bigintcalc/bigintcalc.sty
Package: bigintcalc 2019/12/15 v1.5 Expandable calculations on big integers (HO
)
))
\Fld@menulength=\count281
\Field@Width=\dimen156
\Fld@charsize=\dimen157
Package hyperref Info: Hyper figures OFF on input line 6063.
Package hyperref Info: Link nesting OFF on input line 6068.
Package hyperref Info: Hyper index ON on input line 6071.
Package hyperref Info: backreferencing OFF on input line 6078.
Package hyperref Info: Link coloring OFF on input line 6083.
Package hyperref Info: Link coloring with OCG OFF on input line 6088.
Package hyperref Info: PDF/A mode OFF on input line 6093.

(f:/Latex/texlive/2024/texmf-dist/tex/latex/base/atbegshi-ltx.sty
Package: atbegshi-ltx 2021/01/10 v1.0c Emulation of the original atbegshi
package with kernel methods
)
\Hy@abspage=\count282
\c@Item=\count283
\c@Hfootnote=\count284
)
Package hyperref Info: Driver (autodetected): hpdftex.

(f:/Latex/texlive/2024/texmf-dist/tex/latex/hyperref/hpdftex.def
File: hpdftex.def 2024-01-20 v7.01h Hyperref driver for pdfTeX

(f:/Latex/texlive/2024/texmf-dist/tex/latex/base/atveryend-ltx.sty
Package: atveryend-ltx 2020/08/19 v1.0a Emulation of the original atveryend pac
kage
with kernel methods
)
\Fld@listcount=\count285
\c@bookmark@seq@number=\count286

(f:/Latex/texlive/2024/texmf-dist/tex/latex/rerunfilecheck/rerunfilecheck.sty
Package: rerunfilecheck 2022-07-10 v1.10 Rerun checks for auxiliary files (HO)

(f:/Latex/texlive/2024/texmf-dist/tex/generic/uniquecounter/uniquecounter.sty
Package: uniquecounter 2019/12/15 v1.4 Provide unlimited unique counter (HO)
)
Package uniquecounter Info: New unique counter `rerunfilecheck' on input line 2
85.
)
\Hy@SectionHShift=\skip53
) (f:/Latex/texlive/2024/texmf-dist/tex/latex/geometry/geometry.sty
Package: geometry 2020/01/02 v5.9 Page Geometry

(f:/Latex/texlive/2024/texmf-dist/tex/generic/iftex/ifvtex.sty
Package: ifvtex 2019/10/25 v1.7 ifvtex legacy package. Use iftex instead.
)
\Gm@cnth=\count287
\Gm@cntv=\count288
\c@Gm@tempcnt=\count289
\Gm@bindingoffset=\dimen158
\Gm@wd@mp=\dimen159
\Gm@odd@mp=\dimen160
\Gm@even@mp=\dimen161
\Gm@layoutwidth=\dimen162
\Gm@layoutheight=\dimen163
\Gm@layouthoffset=\dimen164
\Gm@layoutvoffset=\dimen165
\Gm@dimlist=\toks21
)
(f:/Latex/texlive/2024/texmf-dist/tex/latex/graphics/graphicx.sty
Package: graphicx 2021/09/16 v1.2d Enhanced LaTeX Graphics (DPC,SPQR)

(f:/Latex/texlive/2024/texmf-dist/tex/latex/graphics/graphics.sty
Package: graphics 2022/03/10 v1.4e Standard LaTeX Graphics (DPC,SPQR)

(f:/Latex/texlive/2024/texmf-dist/tex/latex/graphics/trig.sty
Package: trig 2021/08/11 v1.11 sin cos tan (DPC)
)
(f:/Latex/texlive/2024/texmf-dist/tex/latex/graphics-cfg/graphics.cfg
File: graphics.cfg 2016/06/04 v1.11 sample graphics configuration
)
Package graphics Info: Driver file: pdftex.def on input line 107.

(f:/Latex/texlive/2024/texmf-dist/tex/latex/graphics-def/pdftex.def
File: pdftex.def 2022/09/22 v1.2b Graphics/color driver for pdftex
))
\Gin@req@height=\dimen166
\Gin@req@width=\dimen167
)
(f:/Latex/texlive/2024/texmf-dist/tex/latex/cjk/texinput/UTF8/UTF8.enc
File: UTF8.enc 2021/10/16 4.8.5
)
(f:/Latex/texlive/2024/texmf-dist/tex/latex/cjk/texinput/UTF8/UTF8.chr
File: UTF8.chr 2021/10/16 4.8.5
)
(./pytorch_yuan.aux

LaTeX Warning: Label `fig:example' multiply defined.


LaTeX Warning: Label `fig:example' multiply defined.


LaTeX Warning: Label `fig:example' multiply defined.


LaTeX Warning: Label `fig:example' multiply defined.


LaTeX Warning: Label `fig:example' multiply defined.


LaTeX Warning: Label `fig:example' multiply defined.


LaTeX Warning: Label `fig:example' multiply defined.


LaTeX Warning: Label `fig:example' multiply defined.


LaTeX Warning: Label `fig:example' multiply defined.


LaTeX Warning: Label `fig:example' multiply defined.


LaTeX Warning: Label `fig:example' multiply defined.


LaTeX Warning: Label `fig:example' multiply defined.


LaTeX Warning: Label `fig:example' multiply defined.


LaTeX Warning: Label `fig:example' multiply defined.


LaTeX Warning: Label `fig:example' multiply defined.


LaTeX Warning: Label `fig:example' multiply defined.


LaTeX Warning: Label `fig:example' multiply defined.


LaTeX Warning: Label `fig:example' multiply defined.


LaTeX Warning: Label `fig:example' multiply defined.

)
\openout1 = `pytorch_yuan.aux'.

LaTeX Font Info:    Checking defaults for OML/cmm/m/it on input line 17.
LaTeX Font Info:    ... okay on input line 17.
LaTeX Font Info:    Checking defaults for OMS/cmsy/m/n on input line 17.
LaTeX Font Info:    ... okay on input line 17.
LaTeX Font Info:    Checking defaults for OT1/cmr/m/n on input line 17.
LaTeX Font Info:    ... okay on input line 17.
LaTeX Font Info:    Checking defaults for T1/cmr/m/n on input line 17.
LaTeX Font Info:    ... okay on input line 17.
LaTeX Font Info:    Checking defaults for TS1/cmr/m/n on input line 17.
LaTeX Font Info:    ... okay on input line 17.
LaTeX Font Info:    Checking defaults for OMX/cmex/m/n on input line 17.
LaTeX Font Info:    ... okay on input line 17.
LaTeX Font Info:    Checking defaults for U/cmr/m/n on input line 17.
LaTeX Font Info:    ... okay on input line 17.
LaTeX Font Info:    Checking defaults for C00/song/m/n on input line 17.
LaTeX Font Info:    ... okay on input line 17.
LaTeX Font Info:    Checking defaults for C05/song/m/n on input line 17.
LaTeX Font Info:    ... okay on input line 17.
LaTeX Font Info:    Checking defaults for C09/song/m/n on input line 17.
LaTeX Font Info:    ... okay on input line 17.
LaTeX Font Info:    Checking defaults for C10/song/m/n on input line 17.
LaTeX Font Info:    ... okay on input line 17.
LaTeX Font Info:    Checking defaults for C20/song/m/n on input line 17.
LaTeX Font Info:    ... okay on input line 17.
LaTeX Font Info:    Checking defaults for C19/song/m/n on input line 17.
LaTeX Font Info:    ... okay on input line 17.
LaTeX Font Info:    Checking defaults for C40/song/m/n on input line 17.
LaTeX Font Info:    ... okay on input line 17.
LaTeX Font Info:    Checking defaults for C42/song/m/n on input line 17.
LaTeX Font Info:    ... okay on input line 17.
LaTeX Font Info:    Checking defaults for C43/song/m/n on input line 17.
LaTeX Font Info:    ... okay on input line 17.
LaTeX Font Info:    Checking defaults for C50/song/m/n on input line 17.
LaTeX Font Info:    ... okay on input line 17.
LaTeX Font Info:    Checking defaults for C52/song/m/n on input line 17.
LaTeX Font Info:    ... okay on input line 17.
LaTeX Font Info:    Checking defaults for C49/song/m/n on input line 17.
LaTeX Font Info:    ... okay on input line 17.
LaTeX Font Info:    Checking defaults for C60/mj/m/n on input line 17.
LaTeX Font Info:    ... okay on input line 17.
LaTeX Font Info:    Checking defaults for C61/mj/m/n on input line 17.
LaTeX Font Info:    ... okay on input line 17.
LaTeX Font Info:    Checking defaults for C63/mj/m/n on input line 17.
LaTeX Font Info:    ... okay on input line 17.
LaTeX Font Info:    Checking defaults for C64/mj/m/n on input line 17.
LaTeX Font Info:    ... okay on input line 17.
LaTeX Font Info:    Checking defaults for C65/mj/m/n on input line 17.
LaTeX Font Info:    ... okay on input line 17.
LaTeX Font Info:    Checking defaults for C70/song/m/n on input line 17.
LaTeX Font Info:    ... okay on input line 17.
LaTeX Font Info:    Checking defaults for C31/song/m/n on input line 17.
LaTeX Font Info:    ... okay on input line 17.
LaTeX Font Info:    Checking defaults for C32/song/m/n on input line 17.
LaTeX Font Info:    ... okay on input line 17.
LaTeX Font Info:    Checking defaults for C33/song/m/n on input line 17.
LaTeX Font Info:    ... okay on input line 17.
LaTeX Font Info:    Checking defaults for C34/song/m/n on input line 17.
LaTeX Font Info:    ... okay on input line 17.
LaTeX Font Info:    Checking defaults for C35/song/m/n on input line 17.
LaTeX Font Info:    ... okay on input line 17.
LaTeX Font Info:    Checking defaults for C36/song/m/n on input line 17.
LaTeX Font Info:    ... okay on input line 17.
LaTeX Font Info:    Checking defaults for C37/song/m/n on input line 17.
LaTeX Font Info:    ... okay on input line 17.
LaTeX Font Info:    Checking defaults for C80/song/m/n on input line 17.
LaTeX Font Info:    ... okay on input line 17.
LaTeX Font Info:    Checking defaults for C81/song/m/n on input line 17.
LaTeX Font Info:    ... okay on input line 17.
LaTeX Font Info:    Checking defaults for C01/song/m/n on input line 17.
LaTeX Font Info:    ... okay on input line 17.
LaTeX Font Info:    Checking defaults for C11/song/m/n on input line 17.
LaTeX Font Info:    ... okay on input line 17.
LaTeX Font Info:    Checking defaults for C21/song/m/n on input line 17.
LaTeX Font Info:    ... okay on input line 17.
LaTeX Font Info:    Checking defaults for C41/song/m/n on input line 17.
LaTeX Font Info:    ... okay on input line 17.
LaTeX Font Info:    Checking defaults for C62/song/m/n on input line 17.
LaTeX Font Info:    ... okay on input line 17.
LaTeX Font Info:    Checking defaults for PD1/pdf/m/n on input line 17.
LaTeX Font Info:    ... okay on input line 17.
LaTeX Font Info:    Checking defaults for PU/pdf/m/n on input line 17.
LaTeX Font Info:    ... okay on input line 17.
Package caption Info: Begin \AtBeginDocument code.
Package caption Info: hyperref package is loaded.
Package caption Info: End \AtBeginDocument code.
Package hyperref Info: Link coloring OFF on input line 17.
 (./pytorch_yuan.out) (./pytorch_yuan.out)
\@outlinefile=\write3
\openout3 = `pytorch_yuan.out'.


*geometry* driver: auto-detecting
*geometry* detected driver: pdftex
*geometry* verbose mode - [ preamble ] result:
* driver: pdftex
* paper: a4paper
* layout: <same size as paper>
* layoutoffset:(h,v)=(0.0pt,0.0pt)
* modes: 
* h-part:(L,W,R)=(71.13188pt, 455.24411pt, 71.13188pt)
* v-part:(T,H,B)=(85.35826pt, 674.33032pt, 85.35826pt)
* \paperwidth=597.50787pt
* \paperheight=845.04684pt
* \textwidth=455.24411pt
* \textheight=674.33032pt
* \oddsidemargin=-1.1381pt
* \evensidemargin=-1.1381pt
* \topmargin=-23.91173pt
* \headheight=12.0pt
* \headsep=25.0pt
* \topskip=10.0pt
* \footskip=30.0pt
* \marginparwidth=65.0pt
* \marginparsep=11.0pt
* \columnsep=10.0pt
* \skip\footins=9.0pt plus 4.0pt minus 2.0pt
* \hoffset=0.0pt
* \voffset=0.0pt
* \mag=1000
* \@twocolumnfalse
* \@twosidefalse
* \@mparswitchfalse
* \@reversemarginfalse
* (1in=72.27pt=25.4mm, 1cm=28.453pt)

(f:/Latex/texlive/2024/texmf-dist/tex/context/base/mkii/supp-pdf.mkii
[Loading MPS to PDF converter (version 2006.09.02).]
\scratchcounter=\count290
\scratchdimen=\dimen168
\scratchbox=\box56
\nofMPsegments=\count291
\nofMParguments=\count292
\everyMPshowfont=\toks22
\MPscratchCnt=\count293
\MPscratchDim=\dimen169
\MPnumerator=\count294
\makeMPintoPDFobject=\count295
\everyMPtoPDFconversion=\toks23
) (f:/Latex/texlive/2024/texmf-dist/tex/latex/epstopdf-pkg/epstopdf-base.sty
Package: epstopdf-base 2020-01-24 v2.11 Base part for package epstopdf
Package epstopdf-base Info: Redefining graphics rule for `.eps' on input line 4
85.

(f:/Latex/texlive/2024/texmf-dist/tex/latex/latexconfig/epstopdf-sys.cfg
File: epstopdf-sys.cfg 2010/07/13 v1.3 Configuration of (r)epstopdf for TeX Liv
e
))
LaTeX Font Info:    Trying to load font information for C70+rm on input line 21
.

(f:/Latex/texlive/2024/texmf-dist/tex/latex/ctex/fd/c70rm.fd
File: c70rm.fd 2022/07/14 v2.5.10 Chinese font definition (CTEX)
)
LaTeX Font Info:    External font `cmex10' loaded for size
(Font)              <12.045> on input line 21.
LaTeX Font Info:    External font `cmex10' loaded for size
(Font)              <8> on input line 21.
LaTeX Font Info:    External font `cmex10' loaded for size
(Font)              <6> on input line 21.
Package CJKpunct Info: use punctuation spaces for family 'rm' with punctstyle (
quanjiao) on input line 24.
LaTeX Font Info:    Trying to load font information for C70+zhfs on input line 
57.

(f:/Latex/texlive/2024/texmf-dist/tex/latex/zhmetrics/c70zhfs.fd
File: c70zhfs.fd 2009/09/23 4.8.2
)
<example1.png, id=89, 274.02374pt x 76.78688pt>
File: example1.png Graphic file (type png)
<use example1.png>
Package pdftex.def Info: example1.png  used on input line 62.
(pdftex.def)             Requested size: 227.62206pt x 63.7858pt.


Package caption Warning: The option `hypcap=true' will be ignored for this
(caption)                particular \caption on input line 64.
See the caption package documentation for explanation.

LaTeX Font Info:    External font `cmex10' loaded for size
(Font)              <10.53937> on input line 66.
LaTeX Font Info:    External font `cmex10' loaded for size
(Font)              <7> on input line 66.
LaTeX Font Info:    External font `cmex10' loaded for size
(Font)              <5> on input line 66.

Overfull \hbox (21.07874pt too wide) in paragraph at lines 59--67
[]$[]$ 
 []


(f:/Latex/texlive/2024/texmf-dist/tex/generic/ctex/zhmap/ctex-zhmap-windows.tex
File: ctex-zhmap-windows.tex 2022/07/14 v2.5.10 Windows font map loader for pdf
TeX and DVIPDFMx (CTEX)
{f:/Latex/texlive/2024/texmf-var/fonts/map/pdftex/updmap/pdftex.map}{UGBK.sfd}{
Unicode.sfd}) [1

]
Package CJKpunct Info: use punctuation spaces for family 'zhfs' with punctstyle
 (quanjiao) on input line 122.
 [2 <./example1.png>]
<example2.png, id=221, 234.1247pt x 254.45062pt>
File: example2.png Graphic file (type png)
<use example2.png>
Package pdftex.def Info: example2.png  used on input line 128.
(pdftex.def)             Requested size: 227.62206pt x 247.39531pt.


Package caption Warning: The option `hypcap=true' will be ignored for this
(caption)                particular \caption on input line 130.
See the caption package documentation for explanation.

[3 <./example2.png>]
<example3.png, id=232, 560.0925pt x 182.93344pt>
File: example3.png Graphic file (type png)
<use example3.png>
Package pdftex.def Info: example3.png  used on input line 178.
(pdftex.def)             Requested size: 227.62206pt x 74.34444pt.


Package caption Warning: The option `hypcap=true' will be ignored for this
(caption)                particular \caption on input line 180.
See the caption package documentation for explanation.

[4 <./example3.png>]
<example4.png, id=243, 266.49562pt x 50.43843pt>
File: example4.png Graphic file (type png)
<use example4.png>
Package pdftex.def Info: example4.png  used on input line 205.
(pdftex.def)             Requested size: 227.62206pt x 43.08218pt.


Package caption Warning: The option `hypcap=true' will be ignored for this
(caption)                particular \caption on input line 207.
See the caption package documentation for explanation.


Overfull \hbox (21.07874pt too wide) in paragraph at lines 202--210
[]$[]$ 
 []

<example5.png, id=244, 241.65282pt x 27.10126pt>
File: example5.png Graphic file (type png)
<use example5.png>
Package pdftex.def Info: example5.png  used on input line 227.
(pdftex.def)             Requested size: 227.62206pt x 25.52852pt.

Package caption Warning: The option `hypcap=true' will be ignored for this
(caption)                particular \caption on input line 229.
See the caption package documentation for explanation.

[5 <./example4.png> <./example5.png>]
<example6.png, id=265, 161.10187pt x 46.67438pt>
File: example6.png Graphic file (type png)
<use example6.png>
Package pdftex.def Info: example6.png  used on input line 253.
(pdftex.def)             Requested size: 227.62206pt x 65.949pt.


Package caption Warning: The option `hypcap=true' will be ignored for this
(caption)                particular \caption on input line 255.
See the caption package documentation for explanation.

<example7.png, id=266, 345.54094pt x 58.71938pt>
File: example7.png Graphic file (type png)
<use example7.png>
Package pdftex.def Info: example7.png  used on input line 273.
(pdftex.def)             Requested size: 227.62206pt x 38.68141pt.

Package caption Warning: The option `hypcap=true' will be ignored for this
(caption)                particular \caption on input line 275.
See the caption package documentation for explanation.

<example8.png, id=267, 153.57375pt x 63.23625pt>
File: example8.png Graphic file (type png)
<use example8.png>
Package pdftex.def Info: example8.png  used on input line 298.
(pdftex.def)             Requested size: 227.62206pt x 93.7329pt.

Package caption Warning: The option `hypcap=true' will be ignored for this
(caption)                particular \caption on input line 300.
See the caption package documentation for explanation.

[6 <./example6.png> <./example7.png>]
<example9.png, id=276, 219.06844pt x 32.37094pt>
File: example9.png Graphic file (type png)
<use example9.png>
Package pdftex.def Info: example9.png  used on input line 317.
(pdftex.def)             Requested size: 227.62206pt x 33.63533pt.


Package caption Warning: The option `hypcap=true' will be ignored for this
(caption)                particular \caption on input line 319.
See the caption package documentation for explanation.

<example10.png, id=277, 79.79813pt x 29.35968pt>
File: example10.png Graphic file (type png)
<use example10.png>
Package pdftex.def Info: example10.png  used on input line 336.
(pdftex.def)             Requested size: 227.62206pt x 83.74847pt.

Package caption Warning: The option `hypcap=true' will be ignored for this
(caption)                particular \caption on input line 338.
See the caption package documentation for explanation.

[7 <./example8.png> <./example9.png> <./example10.png>]
<example11.png, id=289, 188.20313pt x 86.57344pt>
File: example11.png Graphic file (type png)
<use example11.png>
Package pdftex.def Info: example11.png  used on input line 360.
(pdftex.def)             Requested size: 227.62206pt x 104.71452pt.


Package caption Warning: The option `hypcap=true' will be ignored for this
(caption)                particular \caption on input line 362.
See the caption package documentation for explanation.

<example12.png, id=290, 557.08125pt x 37.64063pt>
File: example12.png Graphic file (type png)
<use example12.png>
Package pdftex.def Info: example12.png  used on input line 382.
(pdftex.def)             Requested size: 227.62206pt x 15.3799pt.

Package caption Warning: The option `hypcap=true' will be ignored for this
(caption)                particular \caption on input line 384.
See the caption package documentation for explanation.

<example13.png, id=292, 429.85594pt x 48.18pt>
File: example13.png Graphic file (type png)
<use example13.png>
Package pdftex.def Info: example13.png  used on input line 405.
(pdftex.def)             Requested size: 227.62206pt x 25.5132pt.

Package caption Warning: The option `hypcap=true' will be ignored for this
(caption)                particular \caption on input line 407.
See the caption package documentation for explanation.

[8 <./example11.png> <./example12.png> <./example13.png>]
<example14.png, id=312, 363.60844pt x 504.38437pt>
File: example14.png Graphic file (type png)
<use example14.png>
Package pdftex.def Info: example14.png  used on input line 440.
(pdftex.def)             Requested size: 227.62206pt x 315.7551pt.


Package caption Warning: The option `hypcap=true' will be ignored for this
(caption)                particular \caption on input line 442.
See the caption package documentation for explanation.

[9]
Overfull \hbox (34.30762pt too wide) in paragraph at lines 467--467
[]  \OT1/cmtt/m/n/10.53937 try\C70/zhfs/m/n/10.53937/57 W \C70/zhfs/m/n/10.5393
7/4e - \C70/zhfs/m/n/10.53937/76 „ \C70/zhfs/m/n/10.53937/4e ã \C70/zhfs/m/n/10
.53937/78 ^^A \C70/zhfs/m/n/10.53937/5c ^^] \C70/zhfs/m/n/10.53937/8b Õ \C70/zh
fs/m/n/10.53937/62 g \C70/zhfs/m/n/10.53937/88 L \C70/zhfs/m/n/10.53937/96 d \C
70/zhfs/m/n/10.53937/6c Õ \C70/zhfs/m/n/10.53937/64 Í \C70/zhfs/m/n/10.53937/4f
 \|\C70/zhfs/m/n/10.53937/30 ^^B| \C70/zhfs/m/n/10.53937/59 ‚ \C70/zhfs/m/n/10.
53937/67 œ\OT1/cmtt/m/n/10.53937 b\C70/zhfs/m/n/10.53937/4e :\OT1/cmtt/m/n/10.5
3937 0|\C70/zhfs/m/n/10.53937/ff ^^L| \C70/zhfs/m/n/10.53937/8f Ù \C70/zhfs/m/n
/10.53937/5c ^^F \C70/zhfs/m/n/10.53937/5f ^^U \C70/zhfs/m/n/10.53937/53 Ñ\OT1/
cmtt/m/n/10.53937 ZeroDivisionError\C70/zhfs/m/n/10.53937/5f ^^B \C70/zhfs/m/n/
10.53937/5e 8|\C70/zhfs/m/n/10.53937/30 ^^B| \C70/zhfs/m/n/10.53937/8f Ù \C70/z
hfs/m/n/10.53937/4e * \C70/zhfs/m/n/10.53937/5f ^^B \C70/zhfs/m/n/10.53937/5e 8
 \C70/zhfs/m/n/10.53937/88 «\OT1/cmtt/m/n/10.53937 except\C70/zhfs/m/n/10.53937
/57 W
 []

[10 <./example14.png>]
<example15.png, id=326, 283.0575pt x 117.43875pt>
File: example15.png Graphic file (type png)
<use example15.png>
Package pdftex.def Info: example15.png  used on input line 473.
(pdftex.def)             Requested size: 227.62206pt x 94.44211pt.


Package caption Warning: The option `hypcap=true' will be ignored for this
(caption)                particular \caption on input line 475.
See the caption package documentation for explanation.

<example16.png, id=327, 332.74312pt x 39.89906pt>
File: example16.png Graphic file (type png)
<use example16.png>
Package pdftex.def Info: example16.png  used on input line 495.
(pdftex.def)             Requested size: 227.62206pt x 27.29414pt.

Package caption Warning: The option `hypcap=true' will be ignored for this
(caption)                particular \caption on input line 497.
See the caption package documentation for explanation.

<example17.png, id=328, 867.24pt x 203.25937pt>
File: example17.png Graphic file (type png)
<use example17.png>
Package pdftex.def Info: example17.png  used on input line 526.
(pdftex.def)             Requested size: 227.62206pt x 53.34862pt.

Package caption Warning: The option `hypcap=true' will be ignored for this
(caption)                particular \caption on input line 528.
See the caption package documentation for explanation.

[11 <./example15.png> <./example16.png>]
Overfull \hbox (64.86838pt too wide) in paragraph at lines 553--553
[]  \OT1/cmtt/m/n/10.53937 logging.basicConfig(level=logging.DEBUG, format='%(a
sctime)s - %(levelname)s - %(message)s')[] 
 []


Overfull \hbox (20.60349pt too wide) in paragraph at lines 553--553
[]  \OT1/cmtt/m/n/10.53937 execution_time = timeit.timeit('performance_test()',
 globals=globals(), number=1000)[] 
 []


Overfull \hbox (37.20282pt too wide) in paragraph at lines 553--553
[]  \OT1/cmtt/m/n/10.53937 print(f"Function performance_test executed 1000 time
s in {execution_time:.4f} seconds")[] 
 []

<example18.png, id=339, 688.82344pt x 81.30376pt>
File: example18.png Graphic file (type png)
<use example18.png>
Package pdftex.def Info: example18.png  used on input line 559.
(pdftex.def)             Requested size: 227.62206pt x 26.86629pt.

Package caption Warning: The option `hypcap=true' will be ignored for this
(caption)                particular \caption on input line 561.
See the caption package documentation for explanation.

<example19.png, id=340, 287.57437pt x 30.86531pt>
File: example19.png Graphic file (type png)
<use example19.png>
Package pdftex.def Info: example19.png  used on input line 582.
(pdftex.def)             Requested size: 227.62206pt x 24.43135pt.

Package caption Warning: The option `hypcap=true' will be ignored for this
(caption)                particular \caption on input line 584.
See the caption package documentation for explanation.

[12 <./example17.png> <./example18.png>]
<example20.png, id=350, 765.6103pt x 233.37187pt>
File: example20.png Graphic file (type png)
<use example20.png>
Package pdftex.def Info: example20.png  used on input line 603.
(pdftex.def)             Requested size: 227.62206pt x 69.3818pt.


Package caption Warning: The option `hypcap=true' will be ignored for this
(caption)                particular \caption on input line 605.
See the caption package documentation for explanation.


Overfull \hbox (91.48022pt too wide) in paragraph at lines 628--629
[][]$\OT1/cmtt/m/n/10.53937 https : / / github . com / AmbitiousLight / Ambitio
usLight / tree / 35f8103c625d31798d5ddae6dbba8509c1d21392 /
 []

[13 <./example19.png> <./example20.png>] (./pytorch_yuan.aux)
 ***********
LaTeX2e <2023-11-01> patch level 1
L3 programming layer <2022/07/14>
 ***********


LaTeX Warning: There were multiply-defined labels.

Package rerunfilecheck Info: File `pytorch_yuan.out' has not changed.
(rerunfilecheck)             Checksum: 2CC3EF30D4ADB7CCD1433282D85DD840;721.
 ) 
Here is how much of TeX's memory you used:
 15143 strings out of 474116
 260845 string characters out of 5744699
 1947190 words of memory out of 5000000
 36968 multiletter control sequences out of 15000+600000
 607441 words of font info for 214 fonts, out of 8000000 for 9000
 1141 hyphenation exceptions out of 8191
 80i,6n,83p,715b,613s stack positions out of 10000i,1000n,20000p,200000b,200000s
<c:/Windows/Fonts/simsun.ttc><c:/Windows/Fonts/simsun.ttc><c:/Windows/Fonts/s
imsun.ttc><c:/Windows/Fonts/simsun.ttc><c:/Windows/Fonts/simfang.ttf><c:/Window
s/Fonts/simfang.ttf><c:/Windows/Fonts/simfang.ttf><c:/Windows/Fonts/simfang.ttf
><c:/Windows/Fonts/simfang.ttf><c:/Windows/Fonts/simfang.ttf><c:/Windows/Fonts/
simfang.ttf><c:/Windows/Fonts/simhei.ttf><c:/Windows/Fonts/simhei.ttf><c:/Windo
ws/Fonts/simhei.ttf><c:/Windows/Fonts/simhei.ttf><c:/Windows/Fonts/simhei.ttf><
c:/Windows/Fonts/simhei.ttf><c:/Windows/Fonts/simfang.ttf><c:/Windows/Fonts/sim
fang.ttf><c:/Windows/Fonts/simfang.ttf><c:/Windows/Fonts/simfang.ttf><c:/Window
s/Fonts/simfang.ttf><c:/Windows/Fonts/simfang.ttf><c:/Windows/Fonts/simfang.ttf
><c:/Windows/Fonts/simfang.ttf><c:/Windows/Fonts/simsun.ttc><c:/Windows/Fonts/s
imhei.ttf><c:/Windows/Fonts/simhei.ttf><c:/Windows/Fonts/simfang.ttf><c:/Window
s/Fonts/simfang.ttf><c:/Windows/Fonts/simfang.ttf><c:/Windows/Fonts/simfang.ttf
><c:/Windows/Fonts/simfang.ttf><c:/Windows/Fonts/simfang.ttf><c:/Windows/Fonts/
simfang.ttf><c:/Windows/Fonts/simfang.ttf><c:/Windows/Fonts/simfang.ttf><c:/Win
dows/Fonts/simfang.ttf><c:/Windows/Fonts/simfang.ttf><c:/Windows/Fonts/simfang.
ttf><c:/Windows/Fonts/simfang.ttf><c:/Windows/Fonts/simfang.ttf><c:/Windows/Fon
ts/simfang.ttf><c:/Windows/Fonts/simfang.ttf><c:/Windows/Fonts/simfang.ttf><c:/
Windows/Fonts/simfang.ttf><c:/Windows/Fonts/simfang.ttf><c:/Windows/Fonts/simfa
ng.ttf><c:/Windows/Fonts/simfang.ttf><c:/Windows/Fonts/simfang.ttf><c:/Windows/
Fonts/simfang.ttf><c:/Windows/Fonts/simfang.ttf><c:/Windows/Fonts/simfang.ttf><
c:/Windows/Fonts/simfang.ttf><c:/Windows/Fonts/simfang.ttf><c:/Windows/Fonts/si
mfang.ttf><c:/Windows/Fonts/simfang.ttf><c:/Windows/Fonts/simfang.ttf><c:/Windo
ws/Fonts/simfang.ttf><c:/Windows/Fonts/simfang.ttf><c:/Windows/Fonts/simfang.tt
f><c:/Windows/Fonts/simfang.ttf><c:/Windows/Fonts/simfang.ttf><c:/Windows/Fonts
/simfang.ttf><c:/Windows/Fonts/simfang.ttf><c:/Windows/Fonts/simfang.ttf><c:/Wi
ndows/Fonts/simfang.ttf><c:/Windows/Fonts/simfang.ttf><c:/Windows/Fonts/simfang
.ttf><c:/Windows/Fonts/simsun.ttc><c:/Windows/Fonts/simsun.ttc><c:/Windows/Font
s/simfang.ttf><c:/Windows/Fonts/simfang.ttf><c:/Windows/Fonts/simfang.ttf><c:/W
indows/Fonts/simfang.ttf><c:/Windows/Fonts/simfang.ttf><c:/Windows/Fonts/simfan
g.ttf><c:/Windows/Fonts/simfang.ttf><c:/Windows/Fonts/simfang.ttf><c:/Windows/F
onts/simhei.ttf><c:/Windows/Fonts/simhei.ttf><c:/Windows/Fonts/simhei.ttf><c:/W
indows/Fonts/simhei.ttf><c:/Windows/Fonts/simsun.ttc><c:/Windows/Fonts/simsun.t
tc><c:/Windows/Fonts/simsun.ttc><c:/Windows/Fonts/simsun.ttc><c:/Windows/Fonts/
simsun.ttc><c:/Windows/Fonts/simsun.ttc><c:/Windows/Fonts/simsun.ttc><c:/Window
s/Fonts/simsun.ttc><c:/Windows/Fonts/simsun.ttc><c:/Windows/Fonts/simsun.ttc><c
:/Windows/Fonts/simsun.ttc><c:/Windows/Fonts/simsun.ttc><c:/Windows/Fonts/simsu
n.ttc><c:/Windows/Fonts/simsun.ttc><c:/Windows/Fonts/simsun.ttc><c:/Windows/Fon
ts/simsun.ttc><c:/Windows/Fonts/simsun.ttc><c:/Windows/Fonts/simsun.ttc><c:/Win
dows/Fonts/simsun.ttc><c:/Windows/Fonts/simsun.ttc><c:/Windows/Fonts/simsun.ttc
><c:/Windows/Fonts/simsun.ttc><c:/Windows/Fonts/simsun.ttc><c:/Windows/Fonts/si
msun.ttc><c:/Windows/Fonts/simsun.ttc><c:/Windows/Fonts/simsun.ttc><c:/Windows/
Fonts/simsun.ttc><c:/Windows/Fonts/simsun.ttc><c:/Windows/Fonts/simsun.ttc><c:/
Windows/Fonts/simsun.ttc><c:/Windows/Fonts/simsun.ttc><c:/Windows/Fonts/simsun.
ttc><c:/Windows/Fonts/simhei.ttf><c:/Windows/Fonts/simhei.ttf><c:/Windows/Fonts
/simsun.ttc><c:/Windows/Fonts/simsun.ttc><c:/Windows/Fonts/simsun.ttc><c:/Windo
ws/Fonts/simsun.ttc><c:/Windows/Fonts/simsun.ttc><c:/Windows/Fonts/simsun.ttc><
c:/Windows/Fonts/simsun.ttc><c:/Windows/Fonts/simsun.ttc><c:/Windows/Fonts/sims
un.ttc><c:/Windows/Fonts/simsun.ttc><c:/Windows/Fonts/simsun.ttc><c:/Windows/Fo
nts/simsun.ttc><c:/Windows/Fonts/simsun.ttc><c:/Windows/Fonts/simsun.ttc><c:/Wi
ndows/Fonts/simsun.ttc><c:/Windows/Fonts/simhei.ttf><c:/Windows/Fonts/simhei.tt
f><c:/Windows/Fonts/simhei.ttf><c:/Windows/Fonts/simsun.ttc><c:/Windows/Fonts/s
imsun.ttc><c:/Windows/Fonts/simsun.ttc><c:/Windows/Fonts/simsun.ttc><c:/Windows
/Fonts/simsun.ttc><c:/Windows/Fonts/simsun.ttc><c:/Windows/Fonts/simsun.ttc><c:
/Windows/Fonts/simsun.ttc><c:/Windows/Fonts/simsun.ttc><f:/Latex/texlive/2024/t
exmf-dist/fonts/type1/public/amsfonts/cm/cmbx12.pfb><f:/Latex/texlive/2024/texm
f-dist/fonts/type1/public/amsfonts/cm/cmr10.pfb><f:/Latex/texlive/2024/texmf-di
st/fonts/type1/public/amsfonts/cm/cmr12.pfb><f:/Latex/texlive/2024/texmf-dist/f
onts/type1/public/amsfonts/cm/cmr17.pfb><f:/Latex/texlive/2024/texmf-dist/fonts
/type1/public/amsfonts/cm/cmtt10.pfb>
Output written on pytorch_yuan.pdf (13 pages, 817297 bytes).
PDF statistics:
 841 PDF objects out of 1000 (max. 8388607)
 556 compressed objects within 6 object streams
 41 named destinations out of 1000 (max. 500000)
 437 words of extra memory for PDF output out of 10000 (max. 10000000)

